This file contains any messages produced by compilers while
running configure, to aid debugging if configure makes a mistake.

It was created by amhello configure 1.0, which was
generated by GNU Autoconf 2.59.  Invocation command line was

  $ ./configure 

## --------- ##
## Platform. ##
## --------- ##

hostname = ppud9090.persistent.co.in
uname -m = i686
uname -r = 2.6.18-417.el5PAE
uname -s = Linux
uname -v = #1 SMP Tue Dec 20 15:39:18 UTC 2016

/usr/bin/uname -p = unknown
/bin/uname -X     = unknown

/bin/arch              = i686
/usr/bin/arch -k       = unknown
/usr/convex/getsysinfo = unknown
hostinfo               = unknown
/bin/machine           = unknown
/usr/bin/oslevel       = unknown
/bin/universe          = unknown

PATH: /home/sumit/Installations/git-2.11/bin
PATH: /usr/kerberos/bin
PATH: /usr/local/bin
PATH: /usr/bin
PATH: /bin
PATH: /usr/X11R6/bin
PATH: /home/sumit/bin


## ----------- ##
## Core tests. ##
## ----------- ##

configure:1309: checking for a BSD-compatible install
configure:1364: result: /usr/bin/install -c
configure:1375: checking whether build environment is sane
configure:1418: result: yes
configure:1483: checking for gawk
configure:1499: found /usr/bin/gawk
configure:1509: result: gawk
configure:1519: checking whether make sets $(MAKE)
configure:1539: result: yes
configure:1753: checking for gcc
configure:1769: found /usr/bin/gcc
configure:1779: result: gcc
configure:2023: checking for C compiler version
configure:2026: gcc --version </dev/null >&5
gcc (GCC) 4.1.2 20080704 (Red Hat 4.1.2-55)
Copyright (C) 2006 Free Software Foundation, Inc.
This is free software; see the source for copying conditions.  There is NO
warranty; not even for MERCHANTABILITY or FITNESS FOR A PARTICULAR PURPOSE.

configure:2029: $? = 0
configure:2031: gcc -v </dev/null >&5
Using built-in specs.
Target: i386-redhat-linux
Configured with: ../configure --prefix=/usr --mandir=/usr/share/man --infodir=/usr/share/info --enable-shared --enable-threads=posix --enable-checking=release --with-system-zlib --enable-__cxa_atexit --disable-libunwind-exceptions --enable-libgcj-multifile --enable-languages=c,c++,objc,obj-c++,java,fortran,ada --enable-java-awt=gtk --disable-dssi --disable-plugin --with-java-home=/usr/lib/jvm/java-1.4.2-gcj-1.4.2.0/jre --with-cpu=generic --host=i386-redhat-linux
Thread model: posix
gcc version 4.1.2 20080704 (Red Hat 4.1.2-55)
configure:2034: $? = 0
configure:2036: gcc -V </dev/null >&5
gcc: '-V' option must have argument
configure:2039: $? = 1
configure:2062: checking for C compiler default output file name
configure:2065: gcc    conftest.c  >&5
configure:2068: $? = 0
configure:2114: result: a.out
configure:2119: checking whether the C compiler works
configure:2125: ./a.out
configure:2128: $? = 0
configure:2145: result: yes
configure:2152: checking whether we are cross compiling
configure:2154: result: no
configure:2157: checking for suffix of executables
configure:2159: gcc -o conftest    conftest.c  >&5
configure:2162: $? = 0
configure:2187: result: 
configure:2193: checking for suffix of object files
configure:2214: gcc -c   conftest.c >&5
configure:2217: $? = 0
configure:2239: result: o
configure:2243: checking whether we are using the GNU C compiler
configure:2267: gcc -c   conftest.c >&5
configure:2273: $? = 0
configure:2277: test -z 
			 || test ! -s conftest.err
configure:2280: $? = 0
configure:2283: test -s conftest.o
configure:2286: $? = 0
configure:2299: result: yes
configure:2305: checking whether gcc accepts -g
configure:2326: gcc -c -g  conftest.c >&5
configure:2332: $? = 0
configure:2336: test -z 
			 || test ! -s conftest.err
configure:2339: $? = 0
configure:2342: test -s conftest.o
configure:2345: $? = 0
configure:2356: result: yes
configure:2373: checking for gcc option to accept ANSI C
configure:2443: gcc  -c -g -O2  conftest.c >&5
configure:2449: $? = 0
configure:2453: test -z 
			 || test ! -s conftest.err
configure:2456: $? = 0
configure:2459: test -s conftest.o
configure:2462: $? = 0
configure:2480: result: none needed
configure:2498: gcc -c -g -O2  conftest.c >&5
conftest.c:2: error: expected '=', ',', ';', 'asm' or '__attribute__' before 'me'
configure:2504: $? = 1
configure: failed program was:
| #ifndef __cplusplus
|   choke me
| #endif
configure:2648: checking for style of include used by make
configure:2676: result: GNU
configure:2704: checking dependency style of gcc
configure:2794: result: gcc3
configure:2924: creating ./config.status

## ---------------------- ##
## Running config.status. ##
## ---------------------- ##

This file was extended by amhello config.status 1.0, which was
generated by GNU Autoconf 2.59.  Invocation command line was

  CONFIG_FILES    = 
  CONFIG_HEADERS  = 
  CONFIG_LINKS    = 
  CONFIG_COMMANDS = 
  $ ./config.status 

on ppud9090.persistent.co.in

config.status:688: creating Makefile
config.status:688: creating src/Makefile
config.status:792: creating config.h
config.status:1058: executing depfiles commands

## ---------------- ##
## Cache variables. ##
## ---------------- ##

ac_cv_c_compiler_gnu=yes
ac_cv_env_CC_set=
ac_cv_env_CC_value=
ac_cv_env_CFLAGS_set=
ac_cv_env_CFLAGS_value=
ac_cv_env_CPPFLAGS_set=
ac_cv_env_CPPFLAGS_value=
ac_cv_env_LDFLAGS_set=
ac_cv_env_LDFLAGS_value=
ac_cv_env_build_alias_set=
ac_cv_env_build_alias_value=
ac_cv_env_host_alias_set=
ac_cv_env_host_alias_value=
ac_cv_env_target_alias_set=
ac_cv_env_target_alias_value=
ac_cv_exeext=
ac_cv_objext=o
ac_cv_path_install='/usr/bin/install -c'
ac_cv_prog_AWK=gawk
ac_cv_prog_ac_ct_CC=gcc
ac_cv_prog_cc_g=yes
ac_cv_prog_cc_stdc=
ac_cv_prog_make_make_set=yes
am_cv_CC_dependencies_compiler_type=gcc3

## ----------------- ##
## Output variables. ##
## ----------------- ##

ACLOCAL='${SHELL} /home/sumit/Workspace/Persistent/Other_Utilites/amhello/missing --run aclocal-1.9'
AMDEPBACKSLASH='\'
AMDEP_FALSE='#'
AMDEP_TRUE=''
AMTAR='${SHELL} /home/sumit/Workspace/Persistent/Other_Utilites/amhello/missing --run tar'
AUTOCONF='${SHELL} /home/sumit/Workspace/Persistent/Other_Utilites/amhello/missing --run autoconf'
AUTOHEADER='${SHELL} /home/sumit/Workspace/Persistent/Other_Utilites/amhello/missing --run autoheader'
AUTOMAKE='${SHELL} /home/sumit/Workspace/Persistent/Other_Utilites/amhello/missing --run automake-1.9'
AWK='gawk'
CC='gcc'
CCDEPMODE='depmode=gcc3'
CFLAGS='-g -O2'
CPPFLAGS=''
CYGPATH_W='echo'
DEFS='-DHAVE_CONFIG_H'
DEPDIR='.deps'
ECHO_C=''
ECHO_N='-n'
ECHO_T=''
EXEEXT=''
INSTALL_DATA='${INSTALL} -m 644'
INSTALL_PROGRAM='${INSTALL}'
INSTALL_SCRIPT='${INSTALL}'
INSTALL_STRIP_PROGRAM='${SHELL} $(install_sh) -c -s'
LDFLAGS=''
LIBOBJS=''
LIBS=''
LTLIBOBJS=''
MAKEINFO='${SHELL} /home/sumit/Workspace/Persistent/Other_Utilites/amhello/missing --run makeinfo'
OBJEXT='o'
PACKAGE='amhello'
PACKAGE_BUGREPORT='bug-automake@gnu.org'
PACKAGE_NAME='amhello'
PACKAGE_STRING='amhello 1.0'
PACKAGE_TARNAME='amhello'
PACKAGE_VERSION='1.0'
PATH_SEPARATOR=':'
SET_MAKE=''
SHELL='/bin/sh'
STRIP=''
VERSION='1.0'
ac_ct_CC='gcc'
ac_ct_STRIP=''
am__fastdepCC_FALSE='#'
am__fastdepCC_TRUE=''
am__include='include'
am__leading_dot='.'
am__quote=''
am__tar='${AMTAR} chof - "$$tardir"'
am__untar='${AMTAR} xf -'
bindir='${exec_prefix}/bin'
build_alias=''
datadir='${prefix}/share'
exec_prefix='${prefix}'
host_alias=''
includedir='${prefix}/include'
infodir='${prefix}/info'
install_sh='/home/sumit/Workspace/Persistent/Other_Utilites/amhello/install-sh'
libdir='${exec_prefix}/lib'
libexecdir='${exec_prefix}/libexec'
localstatedir='${prefix}/var'
mandir='${prefix}/man'
mkdir_p='mkdir -p --'
oldincludedir='/usr/include'
prefix='/usr/local'
program_transform_name='s,x,x,'
sbindir='${exec_prefix}/sbin'
sharedstatedir='${prefix}/com'
sysconfdir='${prefix}/etc'
target_alias=''

## ----------- ##
## confdefs.h. ##
## ----------- ##

#define PACKAGE "amhello"
#define PACKAGE_BUGREPORT "bug-automake@gnu.org"
#define PACKAGE_NAME "amhello"
#define PACKAGE_STRING "amhello 1.0"
#define PACKAGE_TARNAME "amhello"
#define PACKAGE_VERSION "1.0"
#define VERSION "1.0"

configure: exit 0
